c:\users\alborz\desktop\projects\siteresponsetool\vs\fem\x64\release\fem.pdb
c:\users\alborz\desktop\projects\siteresponsetool\vs\fem\x64\release\dof_grpiter.obj
c:\users\alborz\desktop\projects\siteresponsetool\vs\fem\x64\release\dof_group.obj
c:\users\alborz\desktop\projects\siteresponsetool\vs\fem\x64\release\directintegrationanalysis.obj
c:\users\alborz\desktop\projects\siteresponsetool\vs\fem\x64\release\datafilestreamadd.obj
c:\users\alborz\desktop\projects\siteresponsetool\vs\fem\x64\release\datafilestream.obj
c:\users\alborz\desktop\projects\siteresponsetool\vs\fem\x64\release\ctestnormdispincr.obj
c:\users\alborz\desktop\projects\siteresponsetool\vs\fem\x64\release\crdtransf.obj
c:\users\alborz\desktop\projects\siteresponsetool\vs\fem\x64\release\convergencetest.obj
c:\users\alborz\desktop\projects\siteresponsetool\vs\fem\x64\release\constrainthandler.obj
c:\users\alborz\desktop\projects\siteresponsetool\vs\fem\x64\release\compositeresponse.obj
c:\users\alborz\desktop\projects\siteresponsetool\vs\fem\x64\release\channel.obj
c:\users\alborz\desktop\projects\siteresponsetool\vs\fem\x64\release\brick.obj
c:\users\alborz\desktop\projects\siteresponsetool\vs\fem\x64\release\beamintegration.obj
c:\users\alborz\desktop\projects\siteresponsetool\vs\fem\x64\release\bandgenlinsolver.obj
c:\users\alborz\desktop\projects\siteresponsetool\vs\fem\x64\release\bandgenlinsoe.obj
c:\users\alborz\desktop\projects\siteresponsetool\vs\fem\x64\release\bandgenlinlapacksolver.obj
c:\users\alborz\desktop\projects\siteresponsetool\vs\fem\x64\release\arrayoftaggedobjectsiter.obj
c:\users\alborz\desktop\projects\siteresponsetool\vs\fem\x64\release\arrayoftaggedobjects.obj
c:\users\alborz\desktop\projects\siteresponsetool\vs\fem\x64\release\analysismodel.obj
c:\users\alborz\desktop\projects\siteresponsetool\vs\fem\x64\release\analysis.obj
c:\users\alborz\desktop\projects\siteresponsetool\vs\fem\x64\release\fe_element.obj
c:\users\alborz\desktop\projects\siteresponsetool\vs\fem\x64\release\fe_eleiter.obj
c:\users\alborz\desktop\projects\siteresponsetool\vs\fem\x64\release\errorhandler.obj
c:\users\alborz\desktop\projects\siteresponsetool\vs\fem\x64\release\equisolnalgo.obj
c:\users\alborz\desktop\projects\siteresponsetool\vs\fem\x64\release\elementstateparameter.obj
c:\users\alborz\desktop\projects\siteresponsetool\vs\fem\x64\release\elementresponse.obj
c:\users\alborz\desktop\projects\siteresponsetool\vs\fem\x64\release\elementrecorder.obj
c:\users\alborz\desktop\projects\siteresponsetool\vs\fem\x64\release\elementalloaditer.obj
c:\users\alborz\desktop\projects\siteresponsetool\vs\fem\x64\release\element.obj
c:\users\alborz\desktop\projects\siteresponsetool\vs\fem\x64\release\elasticsection3d.obj
c:\users\alborz\desktop\projects\siteresponsetool\vs\fem\x64\release\elasticmaterial.obj
c:\users\alborz\desktop\projects\siteresponsetool\vs\fem\x64\release\elasticisotropicthreedimensional.obj
c:\users\alborz\desktop\projects\siteresponsetool\vs\fem\x64\release\elasticisotropicplanestrain2d.obj
c:\users\alborz\desktop\projects\siteresponsetool\vs\fem\x64\release\elasticisotropicmaterial.obj
c:\users\alborz\desktop\projects\siteresponsetool\vs\fem\x64\release\earthquakepattern.obj
c:\users\alborz\desktop\projects\siteresponsetool\vs\fem\x64\release\dummystream.obj
c:\users\alborz\desktop\projects\siteresponsetool\vs\fem\x64\release\dummyelementapi.obj
c:\users\alborz\desktop\projects\siteresponsetool\vs\fem\x64\release\domaincomponent.obj
c:\users\alborz\desktop\projects\siteresponsetool\vs\fem\x64\release\domain.obj
c:\users\alborz\desktop\projects\siteresponsetool\vs\fem\x64\release\dof_numberer.obj
c:\users\alborz\desktop\projects\siteresponsetool\vs\fem\x64\release\loadpatterniter.obj
c:\users\alborz\desktop\projects\siteresponsetool\vs\fem\x64\release\loadpattern.obj
c:\users\alborz\desktop\projects\siteresponsetool\vs\fem\x64\release\loadcontrol.obj
c:\users\alborz\desktop\projects\siteresponsetool\vs\fem\x64\release\load.obj
c:\users\alborz\desktop\projects\siteresponsetool\vs\fem\x64\release\linearsoesolver.obj
c:\users\alborz\desktop\projects\siteresponsetool\vs\fem\x64\release\linearsoe.obj
c:\users\alborz\desktop\projects\siteresponsetool\vs\fem\x64\release\linearseries.obj
c:\users\alborz\desktop\projects\siteresponsetool\vs\fem\x64\release\linearcrdtransf3d.obj
c:\users\alborz\desktop\projects\siteresponsetool\vs\fem\x64\release\legendrebeamintegration.obj
c:\users\alborz\desktop\projects\siteresponsetool\vs\fem\x64\release\j2cyclicboundingsurface.obj
c:\users\alborz\desktop\projects\siteresponsetool\vs\fem\x64\release\integrator.obj
c:\users\alborz\desktop\projects\siteresponsetool\vs\fem\x64\release\information.obj
c:\users\alborz\desktop\projects\siteresponsetool\vs\fem\x64\release\incrementalintegrator.obj
c:\users\alborz\desktop\projects\siteresponsetool\vs\fem\x64\release\imposedmotionsp.obj
c:\users\alborz\desktop\projects\siteresponsetool\vs\fem\x64\release\id.obj
c:\users\alborz\desktop\projects\siteresponsetool\vs\fem\x64\release\hht.obj
c:\users\alborz\desktop\projects\siteresponsetool\vs\fem\x64\release\groundmotion.obj
c:\users\alborz\desktop\projects\siteresponsetool\vs\fem\x64\release\graphnumberer.obj
c:\users\alborz\desktop\projects\siteresponsetool\vs\fem\x64\release\graph.obj
c:\users\alborz\desktop\projects\siteresponsetool\vs\fem\x64\release\filestream.obj
c:\users\alborz\desktop\projects\siteresponsetool\vs\fem\x64\release\pathseries.obj
c:\users\alborz\desktop\projects\siteresponsetool\vs\fem\x64\release\parameter.obj
c:\users\alborz\desktop\projects\siteresponsetool\vs\fem\x64\release\ops_stream.obj
c:\users\alborz\desktop\projects\siteresponsetool\vs\fem\x64\release\noderecorder.obj
c:\users\alborz\desktop\projects\siteresponsetool\vs\fem\x64\release\node.obj
c:\users\alborz\desktop\projects\siteresponsetool\vs\fem\x64\release\nodalloaditer.obj
c:\users\alborz\desktop\projects\siteresponsetool\vs\fem\x64\release\nodalload.obj
c:\users\alborz\desktop\projects\siteresponsetool\vs\fem\x64\release\newtonraphson.obj
c:\users\alborz\desktop\projects\siteresponsetool\vs\fem\x64\release\newmark.obj
c:\users\alborz\desktop\projects\siteresponsetool\vs\fem\x64\release\ndmaterial.obj
c:\users\alborz\desktop\projects\siteresponsetool\vs\fem\x64\release\multisupportpattern.obj
c:\users\alborz\desktop\projects\siteresponsetool\vs\fem\x64\release\mp_constraint.obj
c:\users\alborz\desktop\projects\siteresponsetool\vs\fem\x64\release\movableobject.obj
c:\users\alborz\desktop\projects\siteresponsetool\vs\fem\x64\release\message.obj
c:\users\alborz\desktop\projects\siteresponsetool\vs\fem\x64\release\matrixutil.obj
c:\users\alborz\desktop\projects\siteresponsetool\vs\fem\x64\release\matrix.obj
c:\users\alborz\desktop\projects\siteresponsetool\vs\fem\x64\release\materialresponse.obj
c:\users\alborz\desktop\projects\siteresponsetool\vs\fem\x64\release\material.obj
c:\users\alborz\desktop\projects\siteresponsetool\vs\fem\x64\release\mapoftaggedobjectsiter.obj
c:\users\alborz\desktop\projects\siteresponsetool\vs\fem\x64\release\mapoftaggedobjects.obj
c:\users\alborz\desktop\projects\siteresponsetool\vs\fem\x64\release\singledomparamiter.obj
c:\users\alborz\desktop\projects\siteresponsetool\vs\fem\x64\release\singledomnoditer.obj
c:\users\alborz\desktop\projects\siteresponsetool\vs\fem\x64\release\singledommp_iter.obj
c:\users\alborz\desktop\projects\siteresponsetool\vs\fem\x64\release\singledomeleiter.obj
c:\users\alborz\desktop\projects\siteresponsetool\vs\fem\x64\release\singledomallsp_iter.obj
c:\users\alborz\desktop\projects\siteresponsetool\vs\fem\x64\release\simpsontimeseriesintegrator.obj
c:\users\alborz\desktop\projects\siteresponsetool\vs\fem\x64\release\shp3d.obj
c:\users\alborz\desktop\projects\siteresponsetool\vs\fem\x64\release\sectionforcedeformation.obj
c:\users\alborz\desktop\projects\siteresponsetool\vs\fem\x64\release\response.obj
c:\users\alborz\desktop\projects\siteresponsetool\vs\fem\x64\release\recorder.obj
c:\users\alborz\desktop\projects\siteresponsetool\vs\fem\x64\release\rcm.obj
c:\users\alborz\desktop\projects\siteresponsetool\vs\fem\x64\release\qzsimple1.obj
c:\users\alborz\desktop\projects\siteresponsetool\vs\fem\x64\release\pysimple1.obj
c:\users\alborz\desktop\projects\siteresponsetool\vs\fem\x64\release\pm4silt.obj
c:\users\alborz\desktop\projects\siteresponsetool\vs\fem\x64\release\pm4sand.obj
c:\users\alborz\desktop\projects\siteresponsetool\vs\fem\x64\release\plainnumberer.obj
c:\users\alborz\desktop\projects\siteresponsetool\vs\fem\x64\release\penaltysp_fe.obj
c:\users\alborz\desktop\projects\siteresponsetool\vs\fem\x64\release\penaltymp_fe.obj
c:\users\alborz\desktop\projects\siteresponsetool\vs\fem\x64\release\penaltyconstrainthandler.obj
c:\users\alborz\desktop\projects\siteresponsetool\vs\fem\x64\release\pathtimeseries.obj
c:\users\alborz\desktop\projects\siteresponsetool\vs\fem\x64\release\transientanalysis.obj
c:\users\alborz\desktop\projects\siteresponsetool\vs\fem\x64\release\transformationfe.obj
c:\users\alborz\desktop\projects\siteresponsetool\vs\fem\x64\release\transformationdof_group.obj
c:\users\alborz\desktop\projects\siteresponsetool\vs\fem\x64\release\transformationconstrainthandler.obj
c:\users\alborz\desktop\projects\siteresponsetool\vs\fem\x64\release\timeseriesintegrator.obj
c:\users\alborz\desktop\projects\siteresponsetool\vs\fem\x64\release\timeseries.obj
c:\users\alborz\desktop\projects\siteresponsetool\vs\fem\x64\release\taggedobject.obj
c:\users\alborz\desktop\projects\siteresponsetool\vs\fem\x64\release\subdomainnoditer.obj
c:\users\alborz\desktop\projects\siteresponsetool\vs\fem\x64\release\subdomain.obj
c:\users\alborz\desktop\projects\siteresponsetool\vs\fem\x64\release\staticintegrator.obj
c:\users\alborz\desktop\projects\siteresponsetool\vs\fem\x64\release\staticanalysis.obj
c:\users\alborz\desktop\projects\siteresponsetool\vs\fem\x64\release\standardstream.obj
c:\users\alborz\desktop\projects\siteresponsetool\vs\fem\x64\release\sspquadup.obj
c:\users\alborz\desktop\projects\siteresponsetool\vs\fem\x64\release\sspquad.obj
c:\users\alborz\desktop\projects\siteresponsetool\vs\fem\x64\release\sspbrickup.obj
c:\users\alborz\desktop\projects\siteresponsetool\vs\fem\x64\release\sspbrick.obj
c:\users\alborz\desktop\projects\siteresponsetool\vs\fem\x64\release\sp_constraint.obj
c:\users\alborz\desktop\projects\siteresponsetool\vs\fem\x64\release\solutionalgorithm.obj
c:\users\alborz\desktop\projects\siteresponsetool\vs\fem\x64\release\singledomsp_iter.obj
c:\users\alborz\desktop\projects\siteresponsetool\vs\fem\x64\release\singledompc_iter.obj
c:\users\alborz\desktop\projects\siteresponsetool\vs\fem\x64\release\zerolength.obj
c:\users\alborz\desktop\projects\siteresponsetool\vs\fem\x64\release\viscousmaterial.obj
c:\users\alborz\desktop\projects\siteresponsetool\vs\fem\x64\release\vertexiter.obj
c:\users\alborz\desktop\projects\siteresponsetool\vs\fem\x64\release\vertex.obj
c:\users\alborz\desktop\projects\siteresponsetool\vs\fem\x64\release\vector.obj
c:\users\alborz\desktop\projects\siteresponsetool\vs\fem\x64\release\variabletimestepdirectintegrationanalysis.obj
c:\users\alborz\desktop\projects\siteresponsetool\vs\fem\x64\release\uniformexcitation.obj
c:\users\alborz\desktop\projects\siteresponsetool\vs\fem\x64\release\uniaxialmaterial.obj
c:\users\alborz\desktop\projects\siteresponsetool\vs\fem\x64\release\umfpackgenlinsolver.obj
c:\users\alborz\desktop\projects\siteresponsetool\vs\fem\x64\release\umfpackgenlinsoe.obj
c:\users\alborz\desktop\projects\siteresponsetool\vs\fem\x64\release\tzsimple1.obj
c:\users\alborz\desktop\projects\siteresponsetool\vs\fem\x64\release\trapezoidaltimeseriesintegrator.obj
c:\users\alborz\desktop\projects\siteresponsetool\vs\fem\x64\release\transientintegrator.obj
c:\users\alborz\desktop\projects\siteresponsetool\vs\x64\release\fem.lib
c:\users\alborz\desktop\projects\siteresponsetool\vs\fem\x64\release\fem.tlog\cl.command.1.tlog
c:\users\alborz\desktop\projects\siteresponsetool\vs\fem\x64\release\fem.tlog\cl.read.1.tlog
c:\users\alborz\desktop\projects\siteresponsetool\vs\fem\x64\release\fem.tlog\cl.write.1.tlog
c:\users\alborz\desktop\projects\siteresponsetool\vs\fem\x64\release\fem.tlog\lib-link.read.1.tlog
c:\users\alborz\desktop\projects\siteresponsetool\vs\fem\x64\release\fem.tlog\lib-link.write.1.tlog
c:\users\alborz\desktop\projects\siteresponsetool\vs\fem\x64\release\fem.tlog\lib.command.1.tlog
